2026-01-12 00:51:58 | Order: TRX-12-1768153900 | Status: pending 
2026-01-12 00:52:19 | Order: TRX-12-1768153900 | Status: settlement 
2026-01-12 00:54:21 | Order: TRX-12-1768153066 | Status: expire 
2026-01-12 00:57:14 | Order: TRX-13-1768154229 | Status: pending 
2026-01-12 00:58:01 | Order: TRX-13-1768154229 | Status: settlement 
2026-01-12 12:37:16 | Order: TRX-15-1768196214 | Status: pending 
2026-01-12 12:37:27 | Order: TRX-15-1768196214 | Status: settlement 
2026-01-12 13:13:29 | Order: TRX-1768198395694 | Status: pending 
2026-01-12 13:14:02 | Order: TRX-1768198395694 | Status: settlement 
2026-01-12 13:21:42 | Order: TRX-24-1768198893 | Status: pending 
2026-01-12 13:21:52 | Order: TRX-24-1768198893 | Status: settlement 
2026-01-12 13:28:26 | Order: BAROKAH-4-1768199295 | Status: pending 
2026-01-12 13:31:12 | Order: TRX-1768199460247 | Status: pending 
2026-01-12 13:31:34 | Order: TRX-1768199460247 | Status: settlement 
2026-01-12 13:44:28 | Order: BAROKAH-4-1768199295 | Status: expire 
2026-01-12 13:53:36 | Order: TRX-16-1768200809 | Status: pending 
2026-01-12 13:54:23 | Order: TRX-16-1768200809 | Status: settlement 
2026-01-14 16:34:26 | Order: TRX-17-1768383196 | Status: pending 
2026-01-14 16:34:46 | Order: TRX-17-1768383196 | Status: settlement 
2026-01-14 16:39:45 | Order: TRX-18-1768383578 | Status: pending 
2026-01-14 16:41:16 | Order: TRX-18-1768383578 | Status: settlement 
2026-01-14 17:02:17 | Order: TRX-19-1768384922 | Status: pending 
2026-01-14 17:02:24 | Order: TRX-19-1768384922 | Status: settlement 
2026-01-14 17:10:36 | Order: SRV-1768385402153 | Status: pending 
2026-01-14 17:10:54 | Order: SRV-1768385402153 | Status: settlement 
2026-01-14 17:22:25 | Order: SRV-1768386093515 | Status: pending 
2026-01-14 17:22:50 | Order: SRV-1768386093515 | Status: settlement 
2026-01-14 22:29:53 | Order: order-6967b5938907f | Status: pending 
2026-01-14 22:30:02 | Order: order-6967b5938907f | Status: settlement 
2026-01-14 22:35:17 | Order: BAROKAH-12-1768404912 | Status: pending 
2026-01-14 22:36:54 | Order: BAROKAH-12-1768404912 | Status: settlement 
2026-01-14 22:42:13 | Order: order-6967b9180774c | Status: pending 
2026-01-14 22:42:26 | Order: order-6967b9180774c | Status: settlement 
2026-01-15 00:43:54 | Order: BAROKAH-13-1768412623 | Status: pending 
2026-01-15 00:44:05 | Order: BAROKAH-13-1768412623 | Status: settlement 
2026-01-15 00:51:18 | Order: BAROKAH-14-1768413073 | Status: pending 
2026-01-15 00:51:31 | Order: BAROKAH-14-1768413073 | Status: settlement 
2026-01-15 03:57:01 | Order: TRX-1768424199332 | Status: pending 
2026-01-15 03:57:24 | Order: TRX-1768424199332 | Status: settlement 
2026-01-15 03:59:19 | Order: TRX-1768424341527 | Status: pending 
2026-01-15 03:59:37 | Order: TRX-1768424341527 | Status: settlement 
2026-01-15 08:08:19 | Order: BAROKAH-30-1768439272 | Status: pending 
2026-01-15 08:16:05 | Order: BAROKAH-31-1768439744 | Status: pending 
2026-01-15 08:16:20 | Order: BAROKAH-31-1768439744 | Status: settlement 
2026-01-15 08:22:25 | Order: BAROKAH-32-1768440137 | Status: pending 
2026-01-15 08:22:44 | Order: BAROKAH-32-1768440137 | Status: settlement 
2026-01-15 08:24:19 | Order: BAROKAH-30-1768439272 | Status: expire 
2026-01-15 08:31:20 | Order: BAROKAH-23-1768440672 | Status: pending 
2026-01-15 08:31:53 | Order: BAROKAH-23-1768440672 | Status: settlement 
2026-01-15 08:36:30 | Order: BAROKAH-24-1768440972 | Status: pending 
2026-01-15 08:36:39 | Order: BAROKAH-24-1768440972 | Status: settlement 
2026-01-15 09:00:56 | Order: BAROKAH-33-1768442443 | Status: pending 
2026-01-15 09:01:14 | Order: BAROKAH-33-1768442443 | Status: settlement 
2026-01-15 13:36:27 | Order: TRX-20-1768458979 | Status: pending 
2026-01-15 13:36:42 | Order: TRX-20-1768458979 | Status: settlement 
2026-01-15 13:53:18 | Order: SRV-1768459958433 | Status: pending 
2026-01-15 13:53:31 | Order: SRV-1768459958433 | Status: settlement 
2026-01-15 14:18:36 | Order: TRX-1768461510390 | Status: pending 
2026-01-15 14:19:00 | Order: TRX-1768461510390 | Status: settlement 
2026-01-15 14:34:56 | Order: ECAA-1768462457 | Status: pending 
2026-01-15 14:35:12 | Order: ECAA-1768462457 | Status: settlement 
2026-01-15 14:35:30 | Order: BAROKAH-37-1768462509 | Status: pending 
2026-01-15 14:36:01 | Order: order-696898a1bb61f | Status: pending 
2026-01-15 14:36:03 | Order: BAROKAH-37-1768462509 | Status: settlement 
2026-01-15 14:36:08 | Order: order-696898a1bb61f | Status: settlement 
2026-01-15 14:41:49 | Order: TRX-21-1768462855 | Status: pending 
2026-01-15 14:41:55 | Order: TRX-21-1768462855 | Status: settlement 
2026-01-15 14:51:04 | Order: order-69689c277c322 | Status: pending 
2026-01-15 14:51:11 | Order: order-69689c277c322 | Status: settlement 
2026-01-15 14:52:06 | Order: order-69689c690d50e | Status: pending 
2026-01-15 14:52:12 | Order: order-69689c690d50e | Status: settlement 
